<?xml version="1.0" encoding="UTF-8"?>
<!-- Generated by org.testng.reporters.JUnitXMLReporter -->
<testsuite hostname="DESKTOP-S7SSLM5" ignored="0" name="Test" tests="2" failures="2" timestamp="2023-02-07T17:03:32 IST" time="260.346" errors="0">
  <testcase name="createContact" time="107.899" classname="testNGImplimentation.CreateContactTest">
    <failure type="java.lang.AssertionError" message="The following asserts failed:
	expected [true] but found [false]">
      <![CDATA[java.lang.AssertionError: The following asserts failed:
expected [true] but found [false]
at testNGImplimentation.CreateContactTest.createContact(CreateContactTest.java:47)
at java.util.ArrayList.forEach(ArrayList.java:1259)
... Removed 29 stack frames]]>
    </failure>
  </testcase> <!-- createContact -->
  <testcase name="createContact" time="251.082" classname="testNGImplimentation.CreateContactTest">
    <failure type="java.lang.NullPointerException">
      <![CDATA[java.lang.NullPointerException
at genericLibraries.WebDriverUtility.getScreenshot(WebDriverUtility.java:256)
at genericLibraries.ListenerImplimentation.onTestFailure(ListenerImplimentation.java:31)
at java.util.ArrayList.forEach(ArrayList.java:1259)
... Removed 24 stack frames]]>
    </failure>
  </testcase> <!-- createContact -->
</testsuite> <!-- Test -->
