<?xml version="1.0" encoding="UTF-8"?>
<testng-results ignored="0" total="1" passed="1" failed="0" skipped="0">
  <reporter-output>
  </reporter-output>
  <suite started-at="2023-02-06T12:20:46 IST" name="Default suite" finished-at="2023-02-06T12:24:37 IST" duration-ms="231212">
    <groups>
    </groups>
    <test started-at="2023-02-06T12:20:46 IST" name="Default test" finished-at="2023-02-06T12:24:37 IST" duration-ms="231212">
      <class name="testNGImplimentation.CreateContactTest">
        <test-method is-config="true" signature="classSetup()[pri:0, instance:testNGImplimentation.CreateContactTest@6e9175d8]" started-at="2023-02-06T12:20:46 IST" name="classSetup" finished-at="2023-02-06T12:20:51 IST" duration-ms="4623" status="PASS">
          <reporter-output>
          </reporter-output>
        </test-method> <!-- classSetup -->
        <test-method is-config="true" signature="methodSetup()[pri:0, instance:testNGImplimentation.CreateContactTest@6e9175d8]" started-at="2023-02-06T12:20:51 IST" name="methodSetup" finished-at="2023-02-06T12:22:50 IST" duration-ms="118590" status="PASS">
          <reporter-output>
          </reporter-output>
        </test-method> <!-- methodSetup -->
        <test-method signature="createContact()[pri:0, instance:testNGImplimentation.CreateContactTest@6e9175d8]" started-at="2023-02-06T12:22:50 IST" name="createContact" finished-at="2023-02-06T12:24:22 IST" duration-ms="92107" status="PASS">
          <reporter-output>
          </reporter-output>
        </test-method> <!-- createContact -->
        <test-method is-config="true" signature="methodTeardown()[pri:0, instance:testNGImplimentation.CreateContactTest@6e9175d8]" started-at="2023-02-06T12:24:22 IST" name="methodTeardown" finished-at="2023-02-06T12:24:37 IST" duration-ms="15737" status="PASS">
          <reporter-output>
          </reporter-output>
        </test-method> <!-- methodTeardown -->
        <test-method is-config="true" signature="classTeardown()[pri:0, instance:testNGImplimentation.CreateContactTest@6e9175d8]" started-at="2023-02-06T12:24:37 IST" name="classTeardown" finished-at="2023-02-06T12:24:37 IST" duration-ms="1" status="PASS">
          <reporter-output>
          </reporter-output>
        </test-method> <!-- classTeardown -->
      </class> <!-- testNGImplimentation.CreateContactTest -->
    </test> <!-- Default test -->
  </suite> <!-- Default suite -->
</testng-results>
